<?xml version="1.0" encoding="UTF-8"?>
<testsuite xmlns:xsi="http://www.w3.org/2001/XMLSchema-instance" xsi:noNamespaceSchemaLocation="https://maven.apache.org/surefire/maven-surefire-plugin/xsd/surefire-test-report.xsd" version="3.0.2" name="com.example.bfh.BfhApplicationTests" time="10.926" tests="1" errors="0" skipped="0" failures="0">
  <properties>
[...]
</properties>
  <testcase name="contextLoads" classname="com.example.bfh.BfhApplicationTests" time="1.234">
    <system-out><![CDATA[17:17:19.392 [main] INFO org.springframework.test.context.support.AnnotationConfigContextLoaderUtils -- Could not detect default configuration classes for test class [com.example.bfh.BfhApplicationTests]: BfhApplicationTests does not declare any static, non-private, non-final, nested classes annotated with @Configuration.
17:17:19.574 [main] INFO org.springframework.boot.test.context.SpringBootTestContextBootstrapper -- Found @SpringBootConfiguration com.example.bfh.BfhApplication for test class com.example.bfh.BfhApplicationTests

  .   ____          _            __ _ _
 /\\ / ___'_ __ _ _(_)_ __  __ _ \ \ \ \
( ( )\___ | '_ | '_| | '_ \/ _` | \ \ \ \
 \\/  ___)| |_)| | | | | || (_| |  ) ) ) )
  '  |____| .__|_| |_|_| |_\__, | / / / /
 =========|_|==============|___/=/_/_/_/

 :: Spring Boot ::                (v3.4.5)

2025-04-25T17:17:20.310+05:30  INFO 15492 --- [bfh] [           main] com.example.bfh.BfhApplicationTests      : Starting BfhApplicationTests using Java 23.0.1 with PID 15492 (started by acer in C:\Users\acer\Downloads\bfh\bfh)
2025-04-25T17:17:20.313+05:30  INFO 15492 --- [bfh] [           main] com.example.bfh.BfhApplicationTests      : No active profile set, falling back to 1 default profile: "default"
2025-04-25T17:17:22.167+05:30  INFO 15492 --- [bfh] [           main] com.example.bfh.BfhApplicationTests      : Started BfhApplicationTests in 2.368 seconds (process running for 3.82)
Webhook POST succeeded.
]]></system-out>
    <system-err><![CDATA[Mockito is currently self-attaching to enable the inline-mock-maker. This will no longer work in future releases of the JDK. Please add Mockito as an agent to your build what is described in Mockito's documentation: https://javadoc.io/doc/org.mockito/mockito-core/latest/org/mockito/Mockito.html#0.3
WARNING: A Java agent has been loaded dynamically (C:\Users\acer\.m2\repository\net\bytebuddy\byte-buddy-agent\1.15.11\byte-buddy-agent-1.15.11.jar)
WARNING: If a serviceability tool is in use, please run with -XX:+EnableDynamicAgentLoading to hide this warning
WARNING: If a serviceability tool is not in use, please run with -Djdk.instrument.traceUsage for more information
WARNING: Dynamic loading of agents will be disallowed by default in a future release
]]></system-err>
  </testcase>
</testsuite>